<?xml version="1.0" encoding="UTF-8"?>
<testng-results ignored="0" total="1" passed="1" failed="0" skipped="0">
  <reporter-output>
  </reporter-output>
  <suite started-at="2024-12-14T11:55:40Z" name="Default suite" finished-at="2024-12-14T11:55:45Z" duration-ms="4966">
    <groups>
    </groups>
    <test started-at="2024-12-14T11:55:40Z" name="Default test" finished-at="2024-12-14T11:55:45Z" duration-ms="4966">
      <class name="org.scriptsRunner.Hbio.demo1">
        <test-method signature="d1()[pri:0, instance:org.scriptsRunner.Hbio.demo1@57a78e3]" started-at="2024-12-14T11:55:40Z" name="d1" finished-at="2024-12-14T11:55:45Z" duration-ms="4949" status="PASS">
          <reporter-output>
          </reporter-output>
        </test-method> <!-- d1 -->
      </class> <!-- org.scriptsRunner.Hbio.demo1 -->
    </test> <!-- Default test -->
  </suite> <!-- Default suite -->
</testng-results>
